{"numFailedTestSuites":0,"numFailedTests":0,"numPassedTestSuites":1,"numPassedTests":12,"numPendingTestSuites":0,"numPendingTests":0,"numRuntimeErrorTestSuites":0,"numTodoTests":0,"numTotalTestSuites":1,"numTotalTests":12,"openHandles":[],"snapshot":{"added":0,"didUpdate":false,"failure":false,"filesAdded":0,"filesRemoved":0,"filesRemovedList":[],"filesUnmatched":0,"filesUpdated":0,"matched":0,"total":0,"unchecked":0,"uncheckedKeysByFile":[],"unmatched":0,"updated":0},"startTime":1773238516486,"success":true,"testResults":[{"assertionResults":[{"ancestorTitles":["Security and Hardening Tests (e2e)","1. Authentication Tests"],"duration":56,"failing":false,"failureDetails":[],"failureMessages":[],"fullName":"Security and Hardening Tests (e2e) 1. Authentication Tests should return 401 when accessing protected route without token","invocations":1,"location":null,"numPassingAsserts":0,"retryReasons":[],"startAt":1773238518709,"status":"passed","title":"should return 401 when accessing protected route without token"},{"ancestorTitles":["Security and Hardening Tests (e2e)","1. Authentication Tests"],"duration":5,"failing":false,"failureDetails":[],"failureMessages":[],"fullName":"Security and Hardening Tests (e2e) 1. Authentication Tests should return 401 when accessing protected route with an expired token","invocations":1,"location":null,"numPassingAsserts":0,"retryReasons":[],"startAt":1773238518766,"status":"passed","title":"should return 401 when accessing protected route with an expired token"},{"ancestorTitles":["Security and Hardening Tests (e2e)","1. Authentication Tests"],"duration":4,"failing":false,"failureDetails":[],"failureMessages":[],"fullName":"Security and Hardening Tests (e2e) 1. Authentication Tests should return 401 when token has an invalid signature (tampered)","invocations":1,"location":null,"numPassingAsserts":0,"retryReasons":[],"startAt":1773238518771,"status":"passed","title":"should return 401 when token has an invalid signature (tampered)"},{"ancestorTitles":["Security and Hardening Tests (e2e)","1. Authentication Tests"],"duration":10,"failing":false,"failureDetails":[],"failureMessages":[],"fullName":"Security and Hardening Tests (e2e) 1. Authentication Tests should return 401 if refresh token is reused or invalid","invocations":1,"location":null,"numPassingAsserts":0,"retryReasons":[],"startAt":1773238518775,"status":"passed","title":"should return 401 if refresh token is reused or invalid"},{"ancestorTitles":["Security and Hardening Tests (e2e)","1. Authentication Tests"],"duration":535,"failing":false,"failureDetails":[],"failureMessages":[],"fullName":"Security and Hardening Tests (e2e) 1. Authentication Tests should return 429 Too Many Requests after 5 failed login attempts","invocations":1,"location":null,"numPassingAsserts":0,"retryReasons":[],"startAt":1773238518785,"status":"passed","title":"should return 429 Too Many Requests after 5 failed login attempts"},{"ancestorTitles":["Security and Hardening Tests (e2e)","2. Authorization Tests"],"duration":9,"failing":false,"failureDetails":[],"failureMessages":[],"fullName":"Security and Hardening Tests (e2e) 2. Authorization Tests should protect /users/me from horizontal escalation","invocations":1,"location":null,"numPassingAsserts":1,"retryReasons":[],"startAt":1773238519321,"status":"passed","title":"should protect /users/me from horizontal escalation"},{"ancestorTitles":["Security and Hardening Tests (e2e)","2. Authorization Tests"],"duration":6,"failing":false,"failureDetails":[],"failureMessages":[],"fullName":"Security and Hardening Tests (e2e) 2. Authorization Tests should forbid reading an unauthorized chat","invocations":1,"location":null,"numPassingAsserts":0,"retryReasons":[],"startAt":1773238519330,"status":"passed","title":"should forbid reading an unauthorized chat"},{"ancestorTitles":["Security and Hardening Tests (e2e)","2. Authorization Tests"],"duration":3,"failing":false,"failureDetails":[],"failureMessages":[],"fullName":"Security and Hardening Tests (e2e) 2. Authorization Tests should deny basic USER from accessing ADMIN routes","invocations":1,"location":null,"numPassingAsserts":0,"retryReasons":[],"startAt":1773238519336,"status":"passed","title":"should deny basic USER from accessing ADMIN routes"},{"ancestorTitles":["Security and Hardening Tests (e2e)","3. Injection & App Logic Tests"],"duration":11,"failing":false,"failureDetails":[],"failureMessages":[],"fullName":"Security and Hardening Tests (e2e) 3. Injection & App Logic Tests should sanitize XSS payloads automatically before processing","invocations":1,"location":null,"numPassingAsserts":1,"retryReasons":[],"startAt":1773238519339,"status":"passed","title":"should sanitize XSS payloads automatically before processing"},{"ancestorTitles":["Security and Hardening Tests (e2e)","3. Injection & App Logic Tests"],"duration":3,"failing":false,"failureDetails":[],"failureMessages":[],"fullName":"Security and Hardening Tests (e2e) 3. Injection & App Logic Tests should reject uploads lacking valid Auth headers","invocations":1,"location":null,"numPassingAsserts":0,"retryReasons":[],"startAt":1773238519350,"status":"passed","title":"should reject uploads lacking valid Auth headers"},{"ancestorTitles":["Security and Hardening Tests (e2e)","4. Uploads & Rate Limits Tests"],"duration":50,"failing":false,"failureDetails":[],"failureMessages":[],"fullName":"Security and Hardening Tests (e2e) 4. Uploads & Rate Limits Tests should reject files exceeding 20MB limit","invocations":1,"location":null,"numPassingAsserts":0,"retryReasons":[],"startAt":1773238519353,"status":"passed","title":"should reject files exceeding 20MB limit"},{"ancestorTitles":["Security and Hardening Tests (e2e)","4. Uploads & Rate Limits Tests"],"duration":5,"failing":false,"failureDetails":[],"failureMessages":[],"fullName":"Security and Hardening Tests (e2e) 4. Uploads & Rate Limits Tests should reject .exe spoofed as .pdf via Magic Bytes validation","invocations":1,"location":null,"numPassingAsserts":0,"retryReasons":[],"startAt":1773238519404,"status":"passed","title":"should reject .exe spoofed as .pdf via Magic Bytes validation"}],"endTime":1773238519414,"message":"","name":"C:\\Users\\Erick\\PycharmProjects\\StudyQuest\\apps\\api\\src\\security\\security.spec.ts","startTime":1773238516717,"status":"passed","summary":""}],"wasInterrupted":false}
